<?xml version="1.0" encoding="UTF-8"?>
<!-- Generated by org.testng.reporters.JUnitXMLReporter -->
<testsuite hostname="EXIMR-IM-620" name="Test" tests="1" failures="0" timestamp="11 Jul 2018 12:25:30 GMT" time="0.028" errors="0">
  <testcase name="@BeforeSuite setup" time="0.0" classname="com.apple.iEvalHomePage.UserLogin">
    <failure type="org.openqa.selenium.SessionNotCreatedException" message="Could not create a session: The Safari instance is already paired with another WebDriver session. (WARNING: The server did not provide any stacktrace information)
Command duration or timeout: 364 milliseconds
Build info: version: &amp;apos;3.8.1&amp;apos;, revision: &amp;apos;6e95a6684b&amp;apos;, time: &amp;apos;2017-12-01T18:33:54.468Z&amp;apos;
System info: host: &amp;apos;EXIMR-IM-620&amp;apos;, ip: &amp;apos;fe80:0:0:0:cdf:f75a:b210:8d80%en0&amp;apos;, os.name: &amp;apos;Mac OS X&amp;apos;, os.arch: &amp;apos;x86_64&amp;apos;, os.version: &amp;apos;10.13.5&amp;apos;, java.version: &amp;apos;1.8.0_131&amp;apos;
Driver info: driver.version: SafariDriver">
      <![CDATA[org.openqa.selenium.SessionNotCreatedException: Could not create a session: The Safari instance is already paired with another WebDriver session. (WARNING: The server did not provide any stacktrace information)
Command duration or timeout: 364 milliseconds
Build info: version: '3.8.1', revision: '6e95a6684b', time: '2017-12-01T18:33:54.468Z'
System info: host: 'EXIMR-IM-620', ip: 'fe80:0:0:0:cdf:f75a:b210:8d80%en0', os.name: 'Mac OS X', os.arch: 'x86_64', os.version: '10.13.5', java.version: '1.8.0_131'
Driver info: driver.version: SafariDriver
	at org.openqa.selenium.remote.ErrorHandler.createThrowable(ErrorHandler.java:214)
	at org.openqa.selenium.remote.ErrorHandler.throwIfResponseFailed(ErrorHandler.java:166)
	at org.openqa.selenium.remote.JsonWireProtocolResponse.lambda$new$0(JsonWireProtocolResponse.java:53)
	at org.openqa.selenium.remote.JsonWireProtocolResponse.lambda$getResponseFunction$2(JsonWireProtocolResponse.java:91)
	at org.openqa.selenium.remote.ProtocolHandshake.lambda$createSession$0(ProtocolHandshake.java:123)
	at java.util.stream.ReferencePipeline$3$1.accept(ReferencePipeline.java:193)
	at java.util.Spliterators$ArraySpliterator.tryAdvance(Spliterators.java:958)
	at java.util.stream.ReferencePipeline.forEachWithCancel(ReferencePipeline.java:126)
	at java.util.stream.AbstractPipeline.copyIntoWithCancel(AbstractPipeline.java:498)
	at java.util.stream.AbstractPipeline.copyInto(AbstractPipeline.java:485)
	at java.util.stream.AbstractPipeline.wrapAndCopyInto(AbstractPipeline.java:471)
	at java.util.stream.FindOps$FindOp.evaluateSequential(FindOps.java:152)
	at java.util.stream.AbstractPipeline.evaluate(AbstractPipeline.java:234)
	at java.util.stream.ReferencePipeline.findFirst(ReferencePipeline.java:464)
	at org.openqa.selenium.remote.ProtocolHandshake.createSession(ProtocolHandshake.java:126)
	at org.openqa.selenium.remote.ProtocolHandshake.createSession(ProtocolHandshake.java:73)
	at org.openqa.selenium.remote.HttpCommandExecutor.execute(HttpCommandExecutor.java:142)
	at org.openqa.selenium.remote.service.DriverCommandExecutor.execute(DriverCommandExecutor.java:83)
	at org.openqa.selenium.remote.RemoteWebDriver.execute(RemoteWebDriver.java:601)
	at org.openqa.selenium.remote.RemoteWebDriver.startSession(RemoteWebDriver.java:219)
	at org.openqa.selenium.remote.RemoteWebDriver.<init>(RemoteWebDriver.java:142)
	at org.openqa.selenium.safari.SafariDriver.<init>(SafariDriver.java:78)
	at org.openqa.selenium.safari.SafariDriver.<init>(SafariDriver.java:60)
	at org.openqa.selenium.safari.SafariDriver.<init>(SafariDriver.java:38)
	at com.apple.GenericLibrary.TestBase.setup(TestBase.java:109)
	at com.apple.iEvalHomePage.UserLogin.setup(UserLogin.java:20)
... Removed 22 stack frames]]>
    </failure>
  </testcase> <!-- @BeforeSuite setup -->
  <testcase name="@BeforeTest loadUrl" time="0.0" classname="com.apple.iEvalHomePage.UserLogin">
    <skipped/>
  </testcase> <!-- @BeforeTest loadUrl -->
  <testcase name="iEvalAppLogin" time="0.001" classname="com.apple.iEvalHomePage.UserLogin">
    <skipped/>
  </testcase> <!-- iEvalAppLogin -->
</testsuite> <!-- Test -->
